#
# There is insufficient memory for the Java Runtime Environment to continue.
# Native memory allocation (malloc) failed to allocate 1048576 bytes for AllocateHeap
# Possible reasons:
#   The system is out of physical RAM or swap space
#   In 32 bit mode, the process size limit was hit
# Possible solutions:
#   Reduce memory load on the system
#   Increase physical memory or swap space
#   Check if swap backing store is full
#   Use 64 bit Java on a 64 bit OS
#   Decrease Java heap size (-Xmx/-Xms)
#   Decrease number of Java threads
#   Decrease Java thread stack sizes (-Xss)
#   Set larger code cache with -XX:ReservedCodeCacheSize=
# This output file may be truncated or incomplete.
#
#  Out of Memory Error (memory/allocation.inline.hpp:61), pid=7484, tid=0x0000000000000ff8
#
# JRE version:  (8.0_172-b11) (build )
# Java VM: Java HotSpot(TM) 64-Bit Server VM (25.172-b11 mixed mode windows-amd64 compressed oops)
# Failed to write core dump. Minidumps are not enabled by default on client versions of Windows
#

---------------  T H R E A D  ---------------

Current thread (0x00000000029de000):  JavaThread "Unknown thread" [_thread_in_vm, id=4088, stack(0x0000000002de0000,0x0000000002ee0000)]

Stack: [0x0000000002de0000,0x0000000002ee0000]
[error occurred during error reporting (printing stack bounds), id 0xc0000005]

Native frames: (J=compiled Java code, j=interpreted, Vv=VM code, C=native code)


---------------  P R O C E S S  ---------------

Java Threads: ( => current thread )

Other Threads:

=>0x00000000029de000 (exited) JavaThread "Unknown thread" [_thread_in_vm, id=4088, stack(0x0000000002de0000,0x0000000002ee0000)]

VM state:not at safepoint (normal execution)

VM Mutex/Monitor currently owned by a thread: None

Heap:
 PSYoungGen      total 37888K, used 655K [0x00000000d6200000, 0x00000000d8c00000, 0x0000000100000000)
  eden space 32768K, 2% used [0x00000000d6200000,0x00000000d62a3d80,0x00000000d8200000)
  from space 5120K, 0% used [0x00000000d8700000,0x00000000d8700000,0x00000000d8c00000)
  to   space 5120K, 0% used [0x00000000d8200000,0x00000000d8200000,0x00000000d8700000)
 ParOldGen       total 86016K, used 0K [0x0000000082600000, 0x0000000087a00000, 0x00000000d6200000)
  object space 86016K, 0% used [0x0000000082600000,0x0000000082600000,0x0000000087a00000)
 Metaspace       used 751K, capacity 4480K, committed 4480K, reserved 1056768K
  class space    used 76K, capacity 384K, committed 384K, reserved 1048576K

Card table byte_map: [0x00000000123a0000,0x0000000012790000] byte_map_base: 0x0000000011f8d000

Marking Bits: (ParMarkBitMap*) 0x000000005c333c10
 Begin Bits: [0x0000000013230000, 0x0000000015198000)
 End Bits:   [0x0000000015198000, 0x0000000017100000)

Polling page: 0x0000000001080000

CodeCache: size=245760Kb used=328Kb max_used=328Kb free=245431Kb
 bounds [0x0000000002fe0000, 0x0000000003250000, 0x0000000011fe0000]
 total_blobs=58 nmethods=0 adapters=38
 compilation: enabled

Compilation events (0 events):
No events

GC Heap History (0 events):
No events

Deoptimization events (0 events):
No events

Classes redefined (0 events):
No events

Internal exceptions (0 events):
No events

Events (10 events):
Event: 0.022 loading class java/lang/Short
Event: 0.022 loading class java/lang/Short done
Event: 0.022 loading class java/lang/Integer
Event: 0.022 loading class java/lang/Integer done
Event: 0.022 loading class java/lang/Long
Event: 0.022 loading class java/lang/Long done
Event: 0.022 loading class java/lang/NullPointerException
Event: 0.022 loading class java/lang/NullPointerException done
Event: 0.022 loading class java/lang/ArithmeticException
Event: 0.022 loading class java/lang/ArithmeticException done


Dynamic libraries:
0x00007ff6f9a50000 - 0x00007ff6f9a87000 	C:\Program Files\Java\jre1.8.0_172\bin\javaw.exe
0x00007ff932c20000 - 0x00007ff932e01000 	C:\WINDOWS\SYSTEM32\ntdll.dll
0x00007ff931ed0000 - 0x00007ff931f82000 	C:\WINDOWS\System32\KERNEL32.DLL
0x00007ff92f1e0000 - 0x00007ff92f453000 	C:\WINDOWS\System32\KERNELBASE.dll
0x00007ff932430000 - 0x00007ff9324d1000 	C:\WINDOWS\System32\ADVAPI32.dll
0x00007ff9322b0000 - 0x00007ff93234e000 	C:\WINDOWS\System32\msvcrt.dll
0x00007ff932110000 - 0x00007ff93216b000 	C:\WINDOWS\System32\sechost.dll
0x00007ff9303b0000 - 0x00007ff9304d4000 	C:\WINDOWS\System32\RPCRT4.dll
0x00007ff930220000 - 0x00007ff9303b0000 	C:\WINDOWS\System32\USER32.dll
0x00007ff92f530000 - 0x00007ff92f550000 	C:\WINDOWS\System32\win32u.dll
0x00007ff931a50000 - 0x00007ff931a78000 	C:\WINDOWS\System32\GDI32.dll
0x00007ff92f550000 - 0x00007ff92f6e2000 	C:\WINDOWS\System32\gdi32full.dll
0x00007ff92ff60000 - 0x00007ff92ffff000 	C:\WINDOWS\System32\msvcp_win.dll
0x00007ff92fe00000 - 0x00007ff92fefa000 	C:\WINDOWS\System32\ucrtbase.dll
0x00007ff917610000 - 0x00007ff917879000 	C:\WINDOWS\WinSxS\amd64_microsoft.windows.common-controls_6595b64144ccf1df_6.0.17134.523_none_fb409dd930672a56\COMCTL32.dll
0x00007ff932700000 - 0x00007ff932a22000 	C:\WINDOWS\System32\combase.dll
0x00007ff92f460000 - 0x00007ff92f4da000 	C:\WINDOWS\System32\bcryptPrimitives.dll
0x00007ff931a20000 - 0x00007ff931a4d000 	C:\WINDOWS\System32\IMM32.DLL
0x000000005b830000 - 0x000000005b902000 	C:\Program Files\Java\jre1.8.0_172\bin\msvcr100.dll
0x000000005bb10000 - 0x000000005c3b3000 	C:\Program Files\Java\jre1.8.0_172\bin\server\jvm.dll
0x00007ff9322a0000 - 0x00007ff9322a8000 	C:\WINDOWS\System32\PSAPI.DLL
0x00007ff91e1c0000 - 0x00007ff91e1c9000 	C:\WINDOWS\SYSTEM32\WSOCK32.dll
0x00007ff929370000 - 0x00007ff92937a000 	C:\WINDOWS\SYSTEM32\VERSION.dll
0x00007ff92c190000 - 0x00007ff92c1b3000 	C:\WINDOWS\SYSTEM32\WINMM.dll
0x00007ff932230000 - 0x00007ff93229c000 	C:\WINDOWS\System32\WS2_32.dll
0x00007ff92bd40000 - 0x00007ff92bd6a000 	C:\WINDOWS\SYSTEM32\winmmbase.dll
0x00007ff92f4e0000 - 0x00007ff92f529000 	C:\WINDOWS\System32\cfgmgr32.dll
0x000000005ba20000 - 0x000000005ba2f000 	C:\Program Files\Java\jre1.8.0_172\bin\verify.dll
0x000000005b9f0000 - 0x000000005ba19000 	C:\Program Files\Java\jre1.8.0_172\bin\java.dll
0x000000005b9d0000 - 0x000000005b9e6000 	C:\Program Files\Java\jre1.8.0_172\bin\zip.dll

VM Arguments:
jvm_args: -Dfile.encoding=GBK 
java_command: top.neusoftware.Graph.Main
java_class_path (initial): D:\java\Graph\bin
Launcher Type: SUN_STANDARD

Environment Variables:
PATH=C:/Program Files/Java/jre1.8.0_172/bin/server;C:/Program Files/Java/jre1.8.0_172/bin;C:/Program Files/Java/jre1.8.0_172/lib/amd64;D:\app\product\11.2.0\dbhome_1\bin;C:\Program Files (x86)\Common Files\Oracle\Java\javapath;C:\Program Files (x86)\Intel\Intel(R) Management Engine Components\iCLS\;C:\Program Files\Intel\Intel(R) Management Engine Components\iCLS\;C:\WINDOWS\system32;C:\WINDOWS;C:\WINDOWS\System32\Wbem;C:\WINDOWS\System32\WindowsPowerShell\v1.0\;C:\Program Files (x86)\Intel\Intel(R) Management Engine Components\DAL;C:\Program Files\Intel\Intel(R) Management Engine Components\DAL;C:\Program Files (x86)\Intel\Intel(R) Management Engine Components\IPT;C:\Program Files\Intel\Intel(R) Management Engine Components\IPT;D:\Git\cmd;C:\WINDOWS\System32\OpenSSH\;D:\Matlab\runtime\win64;D:\Matlab\bin;D:\Microsoft VS Code\bin;D:\MiKTeX 2.9\miktex\bin\x64\;C:\Program Files\Intel\WiFi\bin\;C:\Program Files\Common Files\Intel\WirelessCommon\;C:\Program Files\nodejs\;C:\Users\殍集\AppData\Local\Programs\Python\Python37-32\Scripts\;C:\Users\殍集\AppData\Local\Programs\Python\Python37-32\;C:\Users\殍集\AppData\Local\Microsoft\WindowsApps;D:\Microsoft VS Code\bin;C:\Users\殍集\AppData\Local\GitHubDesktop\bin;C:\Users\殍集\AppData\Roaming\npm;C:\WINDOWS\System32;
USERNAME=殍集
OS=Windows_NT
PROCESSOR_IDENTIFIER=Intel64 Family 6 Model 142 Stepping 10, GenuineIntel



---------------  S Y S T E M  ---------------

OS: Windows 10.0 , 64 bit Build 17134 (10.0.17134.1)

CPU:total 8 (initial active 8) (4 cores per cpu, 2 threads per core) family 6 model 142 stepping 10, cmov, cx8, fxsr, mmx, sse, sse2, sse3, ssse3, sse4.1, sse4.2, popcnt, avx, avx2, aes, clmul, erms, 3dnowpref, lzcnt, ht, tsc, tscinvbit, bmi1, bmi2, adx

Memory: 4k page, physical 8227560k(1095224k free), swap 18713316k(5000k free)

vm_info: Java HotSpot(TM) 64-Bit Server VM (25.172-b11) for windows-amd64 JRE (1.8.0_172-b11), built on Mar 28 2018 21:21:52 by "java_re" with MS VC++ 10.0 (VS2010)

time: Mon Jan 28 20:15:09 2019
elapsed time: 0 seconds (0d 0h 0m 0s)

